<?xml version="1.0" encoding="UTF-8"?>
<!-- Generated by org.testng.reporters.JUnitReportReporter -->
<testsuite hostname="LAPTOP-D2FFUR3S" failures="0" tests="1" name="progressiveTestRunner.AutomationTest" time="162.348" errors="0" timestamp="2021-01-30T23:13:19 EST" skipped="0">
  <testcase classname="progressiveTestRunner.AutomationTest" name="progressiveAutomationTesting" time="162.348"/>
  <system-out/>
</testsuite> <!-- progressiveTestRunner.AutomationTest -->
